{"C:\\Users\\Emat\\Desktop\\ALL ABOUT WEB DEVELOPMENT\\Shopping-cart\\src\\components\\Cart\\Cart.jsx": {"path":"C:\\Users\\Emat\\Desktop\\ALL ABOUT WEB DEVELOPMENT\\Shopping-cart\\src\\components\\Cart\\Cart.jsx","statementMap":{"0":{"start":{"line":6,"column":13},"end":{"line":94,"column":1}},"1":{"start":{"line":7,"column":59},"end":{"line":7,"column":85}},"2":{"start":{"line":9,"column":2},"end":{"line":19,"column":3}},"3":{"start":{"line":10,"column":4},"end":{"line":18,"column":5}},"4":{"start":{"line":21,"column":2},"end":{"line":93,"column":3}},"5":{"start":{"line":29,"column":12},"end":{"line":61,"column":18}},"6":{"start":{"line":39,"column":37},"end":{"line":39,"column":87}},"7":{"start":{"line":46,"column":37},"end":{"line":46,"column":87}},"8":{"start":{"line":54,"column":35},"end":{"line":54,"column":58}}},"fnMap":{"0":{"name":"(anonymous_0)","decl":{"start":{"line":6,"column":13},"end":{"line":6,"column":14}},"loc":{"start":{"line":6,"column":19},"end":{"line":94,"column":1}},"line":6},"1":{"name":"(anonymous_1)","decl":{"start":{"line":28,"column":26},"end":{"line":28,"column":27}},"loc":{"start":{"line":29,"column":12},"end":{"line":61,"column":18}},"line":29},"2":{"name":"(anonymous_2)","decl":{"start":{"line":39,"column":31},"end":{"line":39,"column":32}},"loc":{"start":{"line":39,"column":37},"end":{"line":39,"column":87}},"line":39},"3":{"name":"(anonymous_3)","decl":{"start":{"line":46,"column":31},"end":{"line":46,"column":32}},"loc":{"start":{"line":46,"column":37},"end":{"line":46,"column":87}},"line":46},"4":{"name":"(anonymous_4)","decl":{"start":{"line":54,"column":29},"end":{"line":54,"column":30}},"loc":{"start":{"line":54,"column":35},"end":{"line":54,"column":58}},"line":54}},"branchMap":{"0":{"loc":{"start":{"line":9,"column":2},"end":{"line":19,"column":3}},"type":"if","locations":[{"start":{"line":9,"column":2},"end":{"line":19,"column":3}},{"start":{},"end":{}}],"line":9}},"s":{"0":1,"1":5,"2":5,"3":1,"4":4,"5":4,"6":1,"7":1,"8":1},"f":{"0":5,"1":4,"2":1,"3":1,"4":1},"b":{"0":[1,4]},"_coverageSchema":"1a1c01bbd47fc00a2c39e90264f33305004495a9","hash":"77fb2150b03eca665fe38c730ce7079e5a981e40"}
,"C:\\Users\\Emat\\Desktop\\ALL ABOUT WEB DEVELOPMENT\\Shopping-cart\\src\\components\\LoadingPage\\LoadingPage.jsx": {"path":"C:\\Users\\Emat\\Desktop\\ALL ABOUT WEB DEVELOPMENT\\Shopping-cart\\src\\components\\LoadingPage\\LoadingPage.jsx","statementMap":{"0":{"start":{"line":3,"column":16},"end":{"line":23,"column":1}},"1":{"start":{"line":4,"column":2},"end":{"line":22,"column":4}}},"fnMap":{"0":{"name":"(anonymous_0)","decl":{"start":{"line":3,"column":16},"end":{"line":3,"column":17}},"loc":{"start":{"line":3,"column":22},"end":{"line":23,"column":1}},"line":3}},"branchMap":{},"s":{"0":3,"1":0},"f":{"0":0},"b":{},"_coverageSchema":"1a1c01bbd47fc00a2c39e90264f33305004495a9","hash":"c4e19f11d224a21510c9e1ba10fa233d0ec93888"}
,"C:\\Users\\Emat\\Desktop\\ALL ABOUT WEB DEVELOPMENT\\Shopping-cart\\src\\components\\Products\\ProductProvider.jsx": {"path":"C:\\Users\\Emat\\Desktop\\ALL ABOUT WEB DEVELOPMENT\\Shopping-cart\\src\\components\\Products\\ProductProvider.jsx","statementMap":{"0":{"start":{"line":3,"column":30},"end":{"line":3,"column":45}},"1":{"start":{"line":4,"column":24},"end":{"line":130,"column":1}},"2":{"start":{"line":5,"column":33},"end":{"line":5,"column":45}},"3":{"start":{"line":6,"column":34},"end":{"line":6,"column":48}},"4":{"start":{"line":7,"column":26},"end":{"line":15,"column":4}},"5":{"start":{"line":9,"column":22},"end":{"line":9,"column":50}},"6":{"start":{"line":10,"column":4},"end":{"line":14,"column":6}},"7":{"start":{"line":16,"column":46},"end":{"line":16,"column":60}},"8":{"start":{"line":18,"column":20},"end":{"line":44,"column":3}},"9":{"start":{"line":19,"column":4},"end":{"line":43,"column":7}},"10":{"start":{"line":20,"column":32},"end":{"line":20,"column":75}},"11":{"start":{"line":20,"column":58},"end":{"line":20,"column":74}},"12":{"start":{"line":23,"column":6},"end":{"line":33,"column":7}},"13":{"start":{"line":25,"column":8},"end":{"line":25,"column":39}},"14":{"start":{"line":26,"column":8},"end":{"line":29,"column":10}},"15":{"start":{"line":32,"column":8},"end":{"line":32,"column":65}},"16":{"start":{"line":35,"column":28},"end":{"line":35,"column":86}},"17":{"start":{"line":35,"column":63},"end":{"line":35,"column":82}},"18":{"start":{"line":36,"column":26},"end":{"line":36,"column":99}},"19":{"start":{"line":36,"column":61},"end":{"line":36,"column":95}},"20":{"start":{"line":38,"column":6},"end":{"line":42,"column":8}},"21":{"start":{"line":46,"column":25},"end":{"line":58,"column":3}},"22":{"start":{"line":47,"column":4},"end":{"line":57,"column":7}},"23":{"start":{"line":48,"column":27},"end":{"line":48,"column":72}},"24":{"start":{"line":48,"column":53},"end":{"line":48,"column":71}},"25":{"start":{"line":49,"column":28},"end":{"line":49,"column":86}},"26":{"start":{"line":49,"column":63},"end":{"line":49,"column":82}},"27":{"start":{"line":50,"column":26},"end":{"line":50,"column":99}},"28":{"start":{"line":50,"column":61},"end":{"line":50,"column":95}},"29":{"start":{"line":52,"column":6},"end":{"line":56,"column":8}},"30":{"start":{"line":60,"column":33},"end":{"line":77,"column":3}},"31":{"start":{"line":61,"column":4},"end":{"line":61,"column":32}},"32":{"start":{"line":61,"column":25},"end":{"line":61,"column":32}},"33":{"start":{"line":63,"column":4},"end":{"line":76,"column":7}},"34":{"start":{"line":64,"column":27},"end":{"line":66,"column":7}},"35":{"start":{"line":65,"column":8},"end":{"line":65,"column":70}},"36":{"start":{"line":68,"column":28},"end":{"line":68,"column":86}},"37":{"start":{"line":68,"column":63},"end":{"line":68,"column":82}},"38":{"start":{"line":69,"column":26},"end":{"line":69,"column":99}},"39":{"start":{"line":69,"column":61},"end":{"line":69,"column":95}},"40":{"start":{"line":71,"column":6},"end":{"line":75,"column":8}},"41":{"start":{"line":79,"column":27},"end":{"line":81,"column":13}},"42":{"start":{"line":80,"column":28},"end":{"line":80,"column":85}},"43":{"start":{"line":83,"column":19},"end":{"line":95,"column":3}},"44":{"start":{"line":84,"column":16},"end":{"line":84,"column":51}},"45":{"start":{"line":85,"column":4},"end":{"line":94,"column":5}},"46":{"start":{"line":86,"column":23},"end":{"line":86,"column":39}},"47":{"start":{"line":87,"column":6},"end":{"line":87,"column":69}},"48":{"start":{"line":87,"column":23},"end":{"line":87,"column":69}},"49":{"start":{"line":88,"column":19},"end":{"line":88,"column":40}},"50":{"start":{"line":89,"column":6},"end":{"line":89,"column":24}},"51":{"start":{"line":91,"column":6},"end":{"line":91,"column":27}},"52":{"start":{"line":93,"column":11},"end":{"line":93,"column":31}},"53":{"start":{"line":98,"column":2},"end":{"line":100,"column":13}},"54":{"start":{"line":99,"column":4},"end":{"line":99,"column":55}},"55":{"start":{"line":102,"column":2},"end":{"line":104,"column":9}},"56":{"start":{"line":103,"column":4},"end":{"line":103,"column":15}},"57":{"start":{"line":106,"column":20},"end":{"line":110,"column":14}},"58":{"start":{"line":107,"column":4},"end":{"line":109,"column":17}},"59":{"start":{"line":108,"column":19},"end":{"line":108,"column":50}},"60":{"start":{"line":112,"column":16},"end":{"line":123,"column":58}},"61":{"start":{"line":112,"column":32},"end":{"line":122,"column":3}},"62":{"start":{"line":125,"column":2},"end":{"line":129,"column":3}}},"fnMap":{"0":{"name":"(anonymous_0)","decl":{"start":{"line":4,"column":24},"end":{"line":4,"column":25}},"loc":{"start":{"line":4,"column":40},"end":{"line":130,"column":1}},"line":4},"1":{"name":"(anonymous_1)","decl":{"start":{"line":7,"column":35},"end":{"line":7,"column":36}},"loc":{"start":{"line":7,"column":41},"end":{"line":15,"column":3}},"line":7},"2":{"name":"(anonymous_2)","decl":{"start":{"line":18,"column":20},"end":{"line":18,"column":21}},"loc":{"start":{"line":18,"column":30},"end":{"line":44,"column":3}},"line":18},"3":{"name":"(anonymous_3)","decl":{"start":{"line":19,"column":12},"end":{"line":19,"column":13}},"loc":{"start":{"line":19,"column":20},"end":{"line":43,"column":5}},"line":19},"4":{"name":"(anonymous_4)","decl":{"start":{"line":20,"column":53},"end":{"line":20,"column":54}},"loc":{"start":{"line":20,"column":58},"end":{"line":20,"column":74}},"line":20},"5":{"name":"(anonymous_5)","decl":{"start":{"line":35,"column":48},"end":{"line":35,"column":49}},"loc":{"start":{"line":35,"column":63},"end":{"line":35,"column":82}},"line":35},"6":{"name":"(anonymous_6)","decl":{"start":{"line":36,"column":46},"end":{"line":36,"column":47}},"loc":{"start":{"line":36,"column":61},"end":{"line":36,"column":95}},"line":36},"7":{"name":"(anonymous_7)","decl":{"start":{"line":46,"column":25},"end":{"line":46,"column":26}},"loc":{"start":{"line":46,"column":37},"end":{"line":58,"column":3}},"line":46},"8":{"name":"(anonymous_8)","decl":{"start":{"line":47,"column":12},"end":{"line":47,"column":13}},"loc":{"start":{"line":47,"column":20},"end":{"line":57,"column":5}},"line":47},"9":{"name":"(anonymous_9)","decl":{"start":{"line":48,"column":45},"end":{"line":48,"column":46}},"loc":{"start":{"line":48,"column":53},"end":{"line":48,"column":71}},"line":48},"10":{"name":"(anonymous_10)","decl":{"start":{"line":49,"column":48},"end":{"line":49,"column":49}},"loc":{"start":{"line":49,"column":63},"end":{"line":49,"column":82}},"line":49},"11":{"name":"(anonymous_11)","decl":{"start":{"line":50,"column":46},"end":{"line":50,"column":47}},"loc":{"start":{"line":50,"column":61},"end":{"line":50,"column":95}},"line":50},"12":{"name":"(anonymous_12)","decl":{"start":{"line":60,"column":33},"end":{"line":60,"column":34}},"loc":{"start":{"line":60,"column":58},"end":{"line":77,"column":3}},"line":60},"13":{"name":"(anonymous_13)","decl":{"start":{"line":63,"column":12},"end":{"line":63,"column":13}},"loc":{"start":{"line":63,"column":20},"end":{"line":76,"column":5}},"line":63},"14":{"name":"(anonymous_14)","decl":{"start":{"line":64,"column":42},"end":{"line":64,"column":43}},"loc":{"start":{"line":65,"column":8},"end":{"line":65,"column":70}},"line":65},"15":{"name":"(anonymous_15)","decl":{"start":{"line":68,"column":48},"end":{"line":68,"column":49}},"loc":{"start":{"line":68,"column":63},"end":{"line":68,"column":82}},"line":68},"16":{"name":"(anonymous_16)","decl":{"start":{"line":69,"column":46},"end":{"line":69,"column":47}},"loc":{"start":{"line":69,"column":61},"end":{"line":69,"column":95}},"line":69},"17":{"name":"(anonymous_17)","decl":{"start":{"line":80,"column":21},"end":{"line":80,"column":22}},"loc":{"start":{"line":80,"column":28},"end":{"line":80,"column":85}},"line":80},"18":{"name":"(anonymous_18)","decl":{"start":{"line":83,"column":19},"end":{"line":83,"column":20}},"loc":{"start":{"line":83,"column":31},"end":{"line":95,"column":3}},"line":83},"19":{"name":"(anonymous_19)","decl":{"start":{"line":98,"column":12},"end":{"line":98,"column":13}},"loc":{"start":{"line":98,"column":18},"end":{"line":100,"column":3}},"line":98},"20":{"name":"(anonymous_20)","decl":{"start":{"line":102,"column":12},"end":{"line":102,"column":13}},"loc":{"start":{"line":102,"column":18},"end":{"line":104,"column":3}},"line":102},"21":{"name":"(anonymous_21)","decl":{"start":{"line":106,"column":28},"end":{"line":106,"column":29}},"loc":{"start":{"line":106,"column":34},"end":{"line":110,"column":3}},"line":106},"22":{"name":"(anonymous_22)","decl":{"start":{"line":108,"column":10},"end":{"line":108,"column":11}},"loc":{"start":{"line":108,"column":19},"end":{"line":108,"column":50}},"line":108},"23":{"name":"(anonymous_23)","decl":{"start":{"line":112,"column":25},"end":{"line":112,"column":26}},"loc":{"start":{"line":112,"column":32},"end":{"line":122,"column":3}},"line":112}},"branchMap":{"0":{"loc":{"start":{"line":10,"column":11},"end":{"line":14,"column":5}},"type":"cond-expr","locations":[{"start":{"line":10,"column":23},"end":{"line":10,"column":44}},{"start":{"line":10,"column":47},"end":{"line":14,"column":5}}],"line":10},"1":{"loc":{"start":{"line":23,"column":6},"end":{"line":33,"column":7}},"type":"if","locations":[{"start":{"line":23,"column":6},"end":{"line":33,"column":7}},{"start":{"line":30,"column":13},"end":{"line":33,"column":7}}],"line":23},"2":{"loc":{"start":{"line":61,"column":4},"end":{"line":61,"column":32}},"type":"if","locations":[{"start":{"line":61,"column":4},"end":{"line":61,"column":32}},{"start":{},"end":{}}],"line":61},"3":{"loc":{"start":{"line":65,"column":8},"end":{"line":65,"column":70}},"type":"cond-expr","locations":[{"start":{"line":65,"column":29},"end":{"line":65,"column":63}},{"start":{"line":65,"column":66},"end":{"line":65,"column":70}}],"line":65},"4":{"loc":{"start":{"line":79,"column":27},"end":{"line":81,"column":13}},"type":"cond-expr","locations":[{"start":{"line":80,"column":6},"end":{"line":80,"column":86}},{"start":{"line":81,"column":6},"end":{"line":81,"column":13}}],"line":79},"5":{"loc":{"start":{"line":87,"column":6},"end":{"line":87,"column":69}},"type":"if","locations":[{"start":{"line":87,"column":6},"end":{"line":87,"column":69}},{"start":{},"end":{}}],"line":87}},"s":{"0":3,"1":3,"2":0,"3":0,"4":0,"5":0,"6":0,"7":0,"8":0,"9":0,"10":0,"11":0,"12":0,"13":0,"14":0,"15":0,"16":0,"17":0,"18":0,"19":0,"20":0,"21":0,"22":0,"23":0,"24":0,"25":0,"26":0,"27":0,"28":0,"29":0,"30":0,"31":0,"32":0,"33":0,"34":0,"35":0,"36":0,"37":0,"38":0,"39":0,"40":0,"41":0,"42":0,"43":0,"44":0,"45":0,"46":0,"47":0,"48":0,"49":0,"50":0,"51":0,"52":0,"53":0,"54":0,"55":0,"56":0,"57":0,"58":0,"59":0,"60":0,"61":0,"62":0},"f":{"0":0,"1":0,"2":0,"3":0,"4":0,"5":0,"6":0,"7":0,"8":0,"9":0,"10":0,"11":0,"12":0,"13":0,"14":0,"15":0,"16":0,"17":0,"18":0,"19":0,"20":0,"21":0,"22":0,"23":0},"b":{"0":[0,0],"1":[0,0],"2":[0,0],"3":[0,0],"4":[0,0],"5":[0,0]},"_coverageSchema":"1a1c01bbd47fc00a2c39e90264f33305004495a9","hash":"ef8e0f2faea938445276d3ef1fb632f91f210ecb"}
,"C:\\Users\\Emat\\Desktop\\ALL ABOUT WEB DEVELOPMENT\\Shopping-cart\\src\\components\\SharedLayout\\Footer.jsx": {"path":"C:\\Users\\Emat\\Desktop\\ALL ABOUT WEB DEVELOPMENT\\Shopping-cart\\src\\components\\SharedLayout\\Footer.jsx","statementMap":{"0":{"start":{"line":5,"column":15},"end":{"line":39,"column":1}},"1":{"start":{"line":6,"column":2},"end":{"line":38,"column":4}}},"fnMap":{"0":{"name":"(anonymous_0)","decl":{"start":{"line":5,"column":15},"end":{"line":5,"column":16}},"loc":{"start":{"line":5,"column":21},"end":{"line":39,"column":1}},"line":5}},"branchMap":{},"s":{"0":1,"1":0},"f":{"0":0},"b":{},"_coverageSchema":"1a1c01bbd47fc00a2c39e90264f33305004495a9","hash":"3490c096be9c74b424660cee79f39eb4e34470a7"}
,"C:\\Users\\Emat\\Desktop\\ALL ABOUT WEB DEVELOPMENT\\Shopping-cart\\src\\components\\SharedLayout\\NavBar.jsx": {"path":"C:\\Users\\Emat\\Desktop\\ALL ABOUT WEB DEVELOPMENT\\Shopping-cart\\src\\components\\SharedLayout\\NavBar.jsx","statementMap":{"0":{"start":{"line":8,"column":15},"end":{"line":109,"column":1}},"1":{"start":{"line":9,"column":50},"end":{"line":9,"column":76}},"2":{"start":{"line":10,"column":50},"end":{"line":10,"column":65}},"3":{"start":{"line":12,"column":22},"end":{"line":17,"column":3}},"4":{"start":{"line":13,"column":4},"end":{"line":13,"column":23}},"5":{"start":{"line":14,"column":4},"end":{"line":16,"column":13}},"6":{"start":{"line":15,"column":6},"end":{"line":15,"column":26}},"7":{"start":{"line":19,"column":28},"end":{"line":28,"column":3}},"8":{"start":{"line":20,"column":4},"end":{"line":25,"column":5}},"9":{"start":{"line":21,"column":6},"end":{"line":21,"column":25}},"10":{"start":{"line":22,"column":6},"end":{"line":24,"column":15}},"11":{"start":{"line":23,"column":8},"end":{"line":23,"column":28}},"12":{"start":{"line":26,"column":4},"end":{"line":26,"column":32}},"13":{"start":{"line":27,"column":4},"end":{"line":27,"column":31}},"14":{"start":{"line":30,"column":27},"end":{"line":32,"column":3}},"15":{"start":{"line":31,"column":4},"end":{"line":31,"column":43}},"16":{"start":{"line":34,"column":2},"end":{"line":108,"column":3}},"17":{"start":{"line":53,"column":40},"end":{"line":53,"column":66}},"18":{"start":{"line":81,"column":47},"end":{"line":81,"column":82}},"19":{"start":{"line":85,"column":47},"end":{"line":85,"column":84}},"20":{"start":{"line":89,"column":47},"end":{"line":89,"column":76}},"21":{"start":{"line":93,"column":47},"end":{"line":93,"column":79}},"22":{"start":{"line":103,"column":27},"end":{"line":103,"column":53}}},"fnMap":{"0":{"name":"(anonymous_0)","decl":{"start":{"line":8,"column":15},"end":{"line":8,"column":16}},"loc":{"start":{"line":8,"column":21},"end":{"line":109,"column":1}},"line":8},"1":{"name":"(anonymous_1)","decl":{"start":{"line":12,"column":22},"end":{"line":12,"column":23}},"loc":{"start":{"line":12,"column":28},"end":{"line":17,"column":3}},"line":12},"2":{"name":"(anonymous_2)","decl":{"start":{"line":14,"column":15},"end":{"line":14,"column":16}},"loc":{"start":{"line":14,"column":21},"end":{"line":16,"column":5}},"line":14},"3":{"name":"(anonymous_3)","decl":{"start":{"line":19,"column":28},"end":{"line":19,"column":29}},"loc":{"start":{"line":19,"column":42},"end":{"line":28,"column":3}},"line":19},"4":{"name":"(anonymous_4)","decl":{"start":{"line":22,"column":17},"end":{"line":22,"column":18}},"loc":{"start":{"line":22,"column":23},"end":{"line":24,"column":7}},"line":22},"5":{"name":"(anonymous_5)","decl":{"start":{"line":30,"column":27},"end":{"line":30,"column":28}},"loc":{"start":{"line":30,"column":33},"end":{"line":32,"column":3}},"line":30},"6":{"name":"(anonymous_6)","decl":{"start":{"line":53,"column":34},"end":{"line":53,"column":35}},"loc":{"start":{"line":53,"column":40},"end":{"line":53,"column":66}},"line":53},"7":{"name":"(anonymous_7)","decl":{"start":{"line":81,"column":41},"end":{"line":81,"column":42}},"loc":{"start":{"line":81,"column":47},"end":{"line":81,"column":82}},"line":81},"8":{"name":"(anonymous_8)","decl":{"start":{"line":85,"column":41},"end":{"line":85,"column":42}},"loc":{"start":{"line":85,"column":47},"end":{"line":85,"column":84}},"line":85},"9":{"name":"(anonymous_9)","decl":{"start":{"line":89,"column":41},"end":{"line":89,"column":42}},"loc":{"start":{"line":89,"column":47},"end":{"line":89,"column":76}},"line":89},"10":{"name":"(anonymous_10)","decl":{"start":{"line":93,"column":41},"end":{"line":93,"column":42}},"loc":{"start":{"line":93,"column":47},"end":{"line":93,"column":79}},"line":93},"11":{"name":"(anonymous_11)","decl":{"start":{"line":103,"column":21},"end":{"line":103,"column":22}},"loc":{"start":{"line":103,"column":27},"end":{"line":103,"column":53}},"line":103}},"branchMap":{"0":{"loc":{"start":{"line":20,"column":4},"end":{"line":25,"column":5}},"type":"if","locations":[{"start":{"line":20,"column":4},"end":{"line":25,"column":5}},{"start":{},"end":{}}],"line":20},"1":{"loc":{"start":{"line":48,"column":33},"end":{"line":48,"column":68}},"type":"cond-expr","locations":[{"start":{"line":48,"column":52},"end":{"line":48,"column":59}},{"start":{"line":48,"column":62},"end":{"line":48,"column":68}}],"line":48},"2":{"loc":{"start":{"line":70,"column":21},"end":{"line":70,"column":73}},"type":"cond-expr","locations":[{"start":{"line":70,"column":47},"end":{"line":70,"column":52}},{"start":{"line":70,"column":55},"end":{"line":70,"column":73}}],"line":70},"3":{"loc":{"start":{"line":78,"column":12},"end":{"line":78,"column":68}},"type":"cond-expr","locations":[{"start":{"line":78,"column":31},"end":{"line":78,"column":46}},{"start":{"line":78,"column":49},"end":{"line":78,"column":68}}],"line":78},"4":{"loc":{"start":{"line":100,"column":9},"end":{"line":105,"column":9}},"type":"binary-expr","locations":[{"start":{"line":100,"column":9},"end":{"line":100,"column":25}},{"start":{"line":101,"column":10},"end":{"line":104,"column":12}}],"line":100}},"s":{"0":1,"1":11,"2":11,"3":11,"4":0,"5":0,"6":0,"7":11,"8":2,"9":2,"10":2,"11":0,"12":2,"13":2,"14":11,"15":3,"16":11,"17":0,"18":2,"19":0,"20":0,"21":0,"22":0},"f":{"0":11,"1":0,"2":0,"3":2,"4":0,"5":3,"6":0,"7":2,"8":0,"9":0,"10":0,"11":0},"b":{"0":[2,0],"1":[3,8],"2":[0,11],"3":[3,8],"4":[11,3]},"_coverageSchema":"1a1c01bbd47fc00a2c39e90264f33305004495a9","hash":"885a37b7a854d5069b001ae8005e4235a06e2dde"}
}
